Loaded module: python3/3.8.0
Loaded module: cuda/8.0
Loaded module: cudnn/v7.0-prod-cuda8
Loaded module: ffmpeg/4.2.2
Traceback (most recent call last):
  File "baseline_ppo_v2.py", line 165, in <module>
    next_obs_val, reward_val, done_val, info_val = env_val.step(action_val) 
  File "/zhome/57/c/118453/DeepLearning/02456-deep-learning-rl/utils.py", line 257, in step
    return self.step_wait()
  File "/zhome/57/c/118453/DeepLearning/02456-deep-learning-rl/utils.py", line 530, in step_wait
    obs, reward, done, info = self.venv.step_wait()
  File "/zhome/57/c/118453/DeepLearning/02456-deep-learning-rl/utils.py", line 512, in step_wait
    obs, reward, done, info = self.venv.step_wait()
  File "/zhome/57/c/118453/DeepLearning/02456-deep-learning-rl/utils.py", line 497, in step_wait
    obs, reward, done, info = self.venv.step_wait()
  File "/zhome/57/c/118453/DeepLearning/02456-deep-learning-rl/utils.py", line 465, in step_wait
    obs, rews, news, infos = self.venv.step_wait()
  File "/zhome/57/c/118453/DeepLearning/02456-deep-learning-rl/utils.py", line 338, in step_wait
    obs, rews, dones, infos = self.venv.step_wait()
  File "/zhome/57/c/118453/.local/lib/python3.8/site-packages/gym3/interop.py", line 324, in step_wait
    return ob, rew, first, self.env.get_info()
  File "/zhome/57/c/118453/.local/lib/python3.8/site-packages/gym3/libenv.py", line 364, in get_info
    self._c_lib.libenv_observe(self._c_env)
KeyboardInterrupt
